<?xml version="1.0" encoding="UTF-8"?>
<!-- Generated by org.testng.reporters.JUnitReportReporter -->
<testsuite hostname="DELL-PC" failures="0" tests="1" name="TestException" time="0.014" errors="0" timestamp="14 Oct 2019 15:39:58 GMT" skipped="0">
  <testcase classname="TestException" name="f" time="0.014"/>
</testsuite> <!-- TestException -->
