<?xml version="1.0" encoding="UTF-8"?>
<!-- Generated by org.testng.reporters.JUnitReportReporter -->
<testsuite skipped="0" hostname="DELL-PC" name="p1.NewTest" tests="1" failures="0" timestamp="17 Sep 2019 11:06:50 GMT" time="0.009" errors="0">
  <testcase name="f" time="0.009" classname="p1.NewTest"/>
</testsuite> <!-- p1.NewTest -->
