<?xml version="1.0" encoding="UTF-8"?>
<!-- Generated by org.testng.reporters.JUnitReportReporter -->
<testsuite skipped="0" hostname="DELL-PC" name="tests.TestGoogleSearchTest" tests="1" failures="0" timestamp="21 Sep 2019 05:16:36 GMT" time="0.021" errors="0">
  <testcase name="f" time="0.021" classname="tests.TestGoogleSearchTest"/>
</testsuite> <!-- tests.TestGoogleSearchTest -->
