<?xml version="1.0" encoding="UTF-8"?>
<!-- Generated by org.testng.reporters.JUnitReportReporter -->
<testsuite hostname="DELL-PC" failures="0" tests="3" name="basicTest" time="0.023" errors="0" timestamp="15 Oct 2019 08:05:09 GMT" skipped="0">
  <testcase classname="basicTest" name="FirstTest" time="0.018"/>
  <testcase classname="basicTest" name="ThirdTest" time="0.003"/>
  <testcase classname="basicTest" name="SecondTest" time="0.002"/>
</testsuite> <!-- basicTest -->
