<?xml version="1.0" encoding="UTF-8"?>
<!-- Generated by org.testng.reporters.JUnitReportReporter -->
<testsuite hostname="DELL-PC" failures="0" tests="3" name="NewTest" time="0.017" errors="0" timestamp="15 Oct 2019 06:26:27 GMT" skipped="0">
  <testcase classname="NewTest" name="f" time="0.004"/>
  <testcase classname="NewTest" name="f" time="0.012"/>
  <testcase classname="NewTest" name="f" time="0.001"/>
</testsuite> <!-- NewTest -->
