<?xml version="1.0" encoding="UTF-8"?>
<!-- Generated by org.testng.reporters.JUnitReportReporter -->
<testsuite skipped="0" hostname="DELL-PC" name="Test.TestAIImage" tests="1" failures="0" timestamp="19 Apr 2019 14:40:45 GMT" time="0.894" errors="0">
  <testcase name="testImageCompare" time="0.894" classname="Test.TestAIImage"/>
</testsuite> <!-- Test.TestAIImage -->
