<?xml version="1.0" encoding="UTF-8"?>
<!-- Generated by org.testng.reporters.JUnitReportReporter -->
<testsuite skipped="0" hostname="kushan" name="Test.Test_Accessibility" tests="1" failures="0" timestamp="09 Dec 2018 08:33:54 GMT" time="0.099" errors="1">
  <testcase name="testAccessibility" time="0.099" classname="Test.Test_Accessibility">
    <error type="java.lang.Error" message="Unresolved compilation problems: 
	Builder cannot be resolved to a type
	AXE cannot be resolved to a type
	scriptUrl cannot be resolved to a variable
	The method assertTrue(String, boolean) is undefined for the type Test_Accessibility
	AXE cannot be resolved
	testName cannot be resolved
	AXE cannot be resolved
">
      <![CDATA[java.lang.Error: Unresolved compilation problems: 
Builder cannot be resolved to a type
AXE cannot be resolved to a type
scriptUrl cannot be resolved to a variable
The method assertTrue(String, boolean) is undefined for the type Test_Accessibility
AXE cannot be resolved
testName cannot be resolved
AXE cannot be resolved

at Test.Test_Accessibility.testAccessibility(Test_Accessibility.java:19)
at sun.reflect.NativeMethodAccessorImpl.invoke0(Native Method)
at sun.reflect.NativeMethodAccessorImpl.invoke(NativeMethodAccessorImpl.java:62)
at sun.reflect.DelegatingMethodAccessorImpl.invoke(DelegatingMethodAccessorImpl.java:43)
at java.lang.reflect.Method.invoke(Method.java:498)
at org.testng.internal.MethodInvocationHelper.invokeMethod(MethodInvocationHelper.java:124)
at org.testng.internal.Invoker.invokeMethod(Invoker.java:580)
at org.testng.internal.Invoker.invokeTestMethod(Invoker.java:716)
at org.testng.internal.Invoker.invokeTestMethods(Invoker.java:988)
at org.testng.internal.TestMethodWorker.invokeTestMethods(TestMethodWorker.java:125)
at org.testng.internal.TestMethodWorker.run(TestMethodWorker.java:109)
at org.testng.TestRunner.privateRun(TestRunner.java:648)
at org.testng.TestRunner.run(TestRunner.java:505)
at org.testng.SuiteRunner.runTest(SuiteRunner.java:455)
at org.testng.SuiteRunner.runSequentially(SuiteRunner.java:450)
at org.testng.SuiteRunner.privateRun(SuiteRunner.java:415)
at org.testng.SuiteRunner.run(SuiteRunner.java:364)
at org.testng.SuiteRunnerWorker.runSuite(SuiteRunnerWorker.java:52)
at org.testng.SuiteRunnerWorker.run(SuiteRunnerWorker.java:84)
at org.testng.TestNG.runSuitesSequentially(TestNG.java:1208)
at org.testng.TestNG.runSuitesLocally(TestNG.java:1137)
at org.testng.TestNG.runSuites(TestNG.java:1049)
at org.testng.TestNG.run(TestNG.java:1017)
at org.testng.remote.AbstractRemoteTestNG.run(AbstractRemoteTestNG.java:114)
at org.testng.remote.RemoteTestNG.initAndRun(RemoteTestNG.java:251)
at org.testng.remote.RemoteTestNG.main(RemoteTestNG.java:77)
]]>
    </error>
  </testcase> <!-- testAccessibility -->
</testsuite> <!-- Test.Test_Accessibility -->
