<?xml version="1.0" encoding="UTF-8"?>
<!-- Generated by org.testng.reporters.JUnitReportReporter -->
<testsuite hostname="DELL-PC" failures="0" tests="1" name="tests.TestGoogleSearchTest" time="0.010" errors="0" timestamp="22 Sep 2019 08:04:09 GMT" skipped="0">
  <testcase classname="tests.TestGoogleSearchTest" name="f" time="0.010"/>
</testsuite> <!-- tests.TestGoogleSearchTest -->
