<?xml version="1.0" encoding="UTF-8"?>
<!-- Generated by org.testng.reporters.JUnitReportReporter -->
<testsuite hostname="DELL-PC" failures="0" tests="1" name="tests.NewTest" time="53.270" errors="0" timestamp="23 Sep 2019 11:08:32 GMT" skipped="0">
  <testcase classname="tests.NewTest" name="f" time="53.270"/>
</testsuite> <!-- tests.NewTest -->
