<?xml version="1.0" encoding="UTF-8"?>
<!-- Generated by org.testng.reporters.JUnitReportReporter -->
<testsuite hostname="DELL-PC" failures="0" tests="1" name="tests.TestGoogleSearch" time="0.002" errors="0" timestamp="22 Sep 2019 08:05:39 GMT" skipped="0">
  <testcase classname="tests.TestGoogleSearch" name="f" time="0.002"/>
</testsuite> <!-- tests.TestGoogleSearch -->
