<?xml version="1.0" encoding="UTF-8"?>
<!-- Generated by org.testng.reporters.JUnitReportReporter -->
<testsuite hostname="DELL-PC" failures="0" tests="1" name="TestParameterWithXML" time="0.062" errors="0" timestamp="14 Nov 2019 18:21:27 GMT" skipped="0">
  <testcase classname="TestParameterWithXML" name="f" time="0.062"/>
</testsuite> <!-- TestParameterWithXML -->
